<?xml version="1.0" encoding="UTF-8"?>
<!-- Generated by org.testng.reporters.JUnitReportReporter -->
<testsuite hostname="LAPTOP-UOARS8I5" failures="0" tests="2" name="suraj.maven14.Seleniumtest" time="0.017" errors="0" timestamp="2022-10-23T13:37:28 IST" skipped="0">
  <testcase classname="suraj.maven14.Seleniumtest" name="seleniumcarloan2" time="0.015"/>
  <system-out/>
  <testcase classname="suraj.maven14.Seleniumtest" name="seleniumhomeloan" time="0.002"/>
  <system-out/>
</testsuite> <!-- suraj.maven14.Seleniumtest -->
