<?xml version="1.0" encoding="UTF-8"?>
<!-- Generated by org.testng.reporters.JUnitReportReporter -->
<testsuite hostname="LAPTOP-UOARS8I5" failures="0" tests="2" name="com.mav.AppiumTest" time="0.021" errors="0" timestamp="17 Feb 2023 11:34:36 GMT" skipped="0">
  <testcase classname="com.mav.AppiumTest" name="appiumcarloan" time="0.021"/>
  <testcase classname="com.mav.AppiumTest" name="appiumhomeloan" time="0.000"/>
</testsuite> <!-- com.mav.AppiumTest -->
