<?xml version="1.0" encoding="UTF-8"?>
<!-- Generated by org.testng.reporters.JUnitReportReporter -->
<testsuite hostname="LAPTOP-UOARS8I5" failures="0" tests="2" name="com.mav.ProterctorTest" time="0.002" errors="0" timestamp="17 Feb 2023 11:34:36 GMT" skipped="0">
  <testcase classname="com.mav.ProterctorTest" name="protractorcarloan" time="0.001"/>
  <testcase classname="com.mav.ProterctorTest" name="protractorhomeloan" time="0.001"/>
</testsuite> <!-- com.mav.ProterctorTest -->
